1618 [main] INFO  com.oneapm.es.logs.rest.RESTfulMain - Starting RESTfulMain on xushjie-PC with PID 54880 (E:\elasticsearch\projects\demos\elasticsearch-demos\target\classes started by xushjie in E:\elasticsearch\projects\demos\elasticsearch-demos)
1624 [main] INFO  com.oneapm.es.logs.rest.RESTfulMain - No active profile set, falling back to default profiles: default
1714 [main] INFO  o.s.b.c.e.AnnotationConfigEmbeddedWebApplicationContext - Refreshing org.springframework.boot.context.embedded.AnnotationConfigEmbeddedWebApplicationContext@5e3f861: startup date [Thu Jun 23 13:31:35 CST 2016]; root of context hierarchy
2160 [background-preinit] INFO  o.h.validator.internal.util.Version - HV000001: Hibernate Validator 5.2.4.Final
3329 [main] INFO  o.s.b.f.s.DefaultListableBeanFactory - Overriding bean definition for bean 'engine' with a different definition: replacing [Generic bean: class [com.oneapm.es.logs.rest.srvc.ElasticSearchEngine]; scope=singleton; abstract=false; lazyInit=false; autowireMode=0; dependencyCheck=0; autowireCandidate=true; primary=false; factoryBeanName=null; factoryMethodName=null; initMethodName=null; destroyMethodName=null; defined in file [E:\elasticsearch\projects\demos\elasticsearch-demos\target\classes\com\oneapm\es\logs\rest\srvc\ElasticSearchEngine.class]] with [Root bean: class [null]; scope=; abstract=false; lazyInit=false; autowireMode=3; dependencyCheck=0; autowireCandidate=true; primary=false; factoryBeanName=RESTfulMain; factoryMethodName=getEngine; initMethodName=init; destroyMethodName=destroy; defined in com.oneapm.es.logs.rest.RESTfulMain]
3498 [main] INFO  o.s.b.f.s.DefaultListableBeanFactory - Overriding bean definition for bean 'beanNameViewResolver' with a different definition: replacing [Root bean: class [null]; scope=; abstract=false; lazyInit=false; autowireMode=3; dependencyCheck=0; autowireCandidate=true; primary=false; factoryBeanName=org.springframework.boot.autoconfigure.web.ErrorMvcAutoConfiguration$WhitelabelErrorViewConfiguration; factoryMethodName=beanNameViewResolver; initMethodName=null; destroyMethodName=(inferred); defined in class path resource [org/springframework/boot/autoconfigure/web/ErrorMvcAutoConfiguration$WhitelabelErrorViewConfiguration.class]] with [Root bean: class [null]; scope=; abstract=false; lazyInit=false; autowireMode=3; dependencyCheck=0; autowireCandidate=true; primary=false; factoryBeanName=org.springframework.boot.autoconfigure.web.WebMvcAutoConfiguration$WebMvcAutoConfigurationAdapter; factoryMethodName=beanNameViewResolver; initMethodName=null; destroyMethodName=(inferred); defined in class path resource [org/springframework/boot/autoconfigure/web/WebMvcAutoConfiguration$WebMvcAutoConfigurationAdapter.class]]
3865 [main] INFO  o.s.b.f.a.AutowiredAnnotationBeanPostProcessor - JSR-330 'javax.inject.Inject' annotation found and supported for autowiring
5282 [main] INFO  o.s.b.c.e.t.TomcatEmbeddedServletContainer - Tomcat initialized with port(s): 8080 (http)
5333 [main] INFO  o.a.catalina.core.StandardService - Starting service Tomcat
5335 [main] INFO  o.a.catalina.core.StandardEngine - Starting Servlet Engine: Apache Tomcat/8.0.32
5830 [localhost-startStop-1] INFO  o.a.c.c.C.[Tomcat].[localhost].[/] - Initializing Spring embedded WebApplicationContext
5831 [localhost-startStop-1] INFO  o.s.web.context.ContextLoader - Root WebApplicationContext: initialization completed in 4124 ms
6576 [localhost-startStop-1] INFO  o.s.b.c.e.ServletRegistrationBean - Mapping servlet: 'dispatcherServlet' to [/]
6589 [localhost-startStop-1] INFO  o.s.b.c.e.FilterRegistrationBean - Mapping filter: 'characterEncodingFilter' to: [/*]
6590 [localhost-startStop-1] INFO  o.s.b.c.e.FilterRegistrationBean - Mapping filter: 'hiddenHttpMethodFilter' to: [/*]
6590 [localhost-startStop-1] INFO  o.s.b.c.e.FilterRegistrationBean - Mapping filter: 'httpPutFormContentFilter' to: [/*]
6590 [localhost-startStop-1] INFO  o.s.b.c.e.FilterRegistrationBean - Mapping filter: 'requestContextFilter' to: [/*]
7335 [main] INFO  org.elasticsearch.plugins - [Jamie Braddock] loaded [], sites []
10059 [main] INFO  o.s.w.s.m.m.a.RequestMappingHandlerAdapter - Looking for @ControllerAdvice: org.springframework.boot.context.embedded.AnnotationConfigEmbeddedWebApplicationContext@5e3f861: startup date [Thu Jun 23 13:31:35 CST 2016]; root of context hierarchy
10485 [main] INFO  o.s.w.s.m.m.a.RequestMappingHandlerMapping - Mapped "{[/match/{index}/{type}/{id}/content],methods=[GET]}" onto public java.util.List<java.lang.String> com.oneapm.es.logs.rest.ctrl.MatchController.getMatch(java.lang.String,java.lang.String,java.lang.String,java.lang.String)
10490 [main] INFO  o.s.w.s.m.m.a.RequestMappingHandlerMapping - Mapped "{[/error]}" onto public org.springframework.http.ResponseEntity<java.util.Map<java.lang.String, java.lang.Object>> org.springframework.boot.autoconfigure.web.BasicErrorController.error(javax.servlet.http.HttpServletRequest)
10491 [main] INFO  o.s.w.s.m.m.a.RequestMappingHandlerMapping - Mapped "{[/error],produces=[text/html]}" onto public org.springframework.web.servlet.ModelAndView org.springframework.boot.autoconfigure.web.BasicErrorController.errorHtml(javax.servlet.http.HttpServletRequest,javax.servlet.http.HttpServletResponse)
10557 [main] INFO  o.s.w.s.h.SimpleUrlHandlerMapping - Mapped URL path [/webjars/**] onto handler of type [class org.springframework.web.servlet.resource.ResourceHttpRequestHandler]
10558 [main] INFO  o.s.w.s.h.SimpleUrlHandlerMapping - Mapped URL path [/**] onto handler of type [class org.springframework.web.servlet.resource.ResourceHttpRequestHandler]
10641 [main] INFO  o.s.w.s.h.SimpleUrlHandlerMapping - Mapped URL path [/**/favicon.ico] onto handler of type [class org.springframework.web.servlet.resource.ResourceHttpRequestHandler]
11118 [main] INFO  o.s.j.e.a.AnnotationMBeanExporter - Registering beans for JMX exposure on startup
11240 [main] INFO  o.a.coyote.http11.Http11NioProtocol - Initializing ProtocolHandler ["http-nio-8080"]
11268 [main] INFO  o.a.coyote.http11.Http11NioProtocol - Starting ProtocolHandler ["http-nio-8080"]
11285 [main] INFO  o.a.tomcat.util.net.NioSelectorPool - Using a shared selector for servlet write/read
11367 [main] INFO  o.s.b.c.e.t.TomcatEmbeddedServletContainer - Tomcat started on port(s): 8080 (http)
11377 [main] INFO  com.oneapm.es.logs.rest.RESTfulMain - Started RESTfulMain in 10.506 seconds (JVM running for 11.85)
200947 [elasticsearch[Jamie Braddock][generic][T#1]] INFO  org.elasticsearch.client.transport - [Jamie Braddock] failed to get node info for {#transport#-1}{10.45.10.213}{10.45.10.213:9300}, disconnecting...
org.elasticsearch.transport.ReceiveTimeoutTransportException: [][10.45.10.213:9300][cluster:monitor/nodes/liveness] request_id [34] timed out after [5000ms]
	at org.elasticsearch.transport.TransportService$TimeoutHandler.run(TransportService.java:645)
	at java.util.concurrent.ThreadPoolExecutor.runWorker(ThreadPoolExecutor.java:1142)
	at java.util.concurrent.ThreadPoolExecutor$Worker.run(ThreadPoolExecutor.java:617)
	at java.lang.Thread.run(Thread.java:745)
851682 [elasticsearch[Jamie Braddock][generic][T#1]] INFO  org.elasticsearch.client.transport - [Jamie Braddock] failed to get node info for {#transport#-1}{10.45.10.213}{10.45.10.213:9300}, disconnecting...
org.elasticsearch.transport.ReceiveTimeoutTransportException: [][10.45.10.213:9300][cluster:monitor/nodes/liveness] request_id [158] timed out after [5000ms]
	at org.elasticsearch.transport.TransportService$TimeoutHandler.run(TransportService.java:645)
	at java.util.concurrent.ThreadPoolExecutor.runWorker(ThreadPoolExecutor.java:1142)
	at java.util.concurrent.ThreadPoolExecutor$Worker.run(ThreadPoolExecutor.java:617)
	at java.lang.Thread.run(Thread.java:745)
